<?xml version="1.0" encoding="UTF-8"?>
<testng-results skipped="0" failed="0" ignored="0" total="1" passed="1">
  <reporter-output>
  </reporter-output>
  <suite name="Default suite" duration-ms="105558" started-at="2017-03-26T11:33:22Z" finished-at="2017-03-26T11:35:08Z">
    <groups>
    </groups>
    <test name="Default test" duration-ms="105558" started-at="2017-03-26T11:33:22Z" finished-at="2017-03-26T11:35:08Z">
      <class name="requirements.OneTrustAutomation">
        <test-method status="PASS" signature="launchBrowser()[pri:0, instance:requirements.OneTrustAutomation@132ec19]" name="launchBrowser" is-config="true" duration-ms="7851" started-at="2017-03-26T06:33:22Z" finished-at="2017-03-26T06:33:30Z">
          <reporter-output>
          </reporter-output>
        </test-method> <!-- launchBrowser -->
        <test-method status="PASS" signature="fillAllFieldsAndTakeScreenshot()[pri:0, instance:requirements.OneTrustAutomation@132ec19]" name="fillAllFieldsAndTakeScreenshot" duration-ms="96987" started-at="2017-03-26T06:33:30Z" description="Fill all fields in contact page and take screenshot" finished-at="2017-03-26T06:35:07Z">
          <reporter-output>
          </reporter-output>
        </test-method> <!-- fillAllFieldsAndTakeScreenshot -->
        <test-method status="PASS" signature="closeBrowser()[pri:0, instance:requirements.OneTrustAutomation@132ec19]" name="closeBrowser" is-config="true" duration-ms="700" started-at="2017-03-26T06:35:07Z" finished-at="2017-03-26T06:35:08Z">
          <reporter-output>
          </reporter-output>
        </test-method> <!-- closeBrowser -->
      </class> <!-- requirements.OneTrustAutomation -->
    </test> <!-- Default test -->
  </suite> <!-- Default suite -->
</testng-results>
